<?xml version="1.0" encoding="UTF-8"?>
<!-- Generated by org.testng.reporters.JUnitXMLReporter -->
<testsuite ignored="0" hostname="kavish" failures="1" tests="6" name="Test" time="41.334" errors="0" timestamp="2022-04-26T13:12:50 IST">
  <testcase classname="Test.Test3" name="add" time="0.013"/>
  <testcase classname="Test.Test3" name="add" time="0.003"/>
  <testcase classname="Test.Test3" name="addition" time="0.0">
    <failure type="org.testng.TestNGException" message="
Parameter &amp;apos;first&amp;apos; is required by @Test on method addition but has not been marked @Optional or defined
in D:\project\kavish\TestSuit\testng.xml">
      <![CDATA[org.testng.TestNGException: 
Parameter 'first' is required by @Test on method addition but has not been marked @Optional or defined
in D:\project\kavish\TestSuit\testng.xml
at java.base/java.util.ArrayList.forEach(ArrayList.java:1511)
... Removed 26 stack frames]]>
    </failure>
  </testcase> <!-- addition -->
  <testcase classname="Test.Test2" name="namo" time="0.009"/>
  <testcase classname="Test.Test2" name="surname" time="0.013"/>
  <testcase classname="Test.LoginTest" name="LoginZerodha" time="8.551"/>
</testsuite> <!-- Test -->
